<?xml version="1.0" encoding="UTF-8"?>
<!-- Generated by org.testng.reporters.JUnitReportReporter -->
<testsuite skipped="0" hostname="LAPTOP-G3HTDHLD" name="script.TestCreateUser" tests="2" failures="0" timestamp="23 Mar 2018 08:45:26 GMT" time="64.261" errors="0">
  <testcase name="createuser" time="30.534" classname="script.TestCreateUser"/>
  <testcase name="createuser" time="33.727" classname="script.TestCreateUser"/>
</testsuite> <!-- script.TestCreateUser -->
