<?xml version="1.0" encoding="UTF-8"?>
<!-- Generated by org.testng.reporters.JUnitReportReporter -->
<testsuite skipped="0" hostname="LAPTOP-G3HTDHLD" name="script.TestInvalidLogin" tests="2" failures="0" timestamp="23 Mar 2018 07:38:17 GMT" time="84.108" errors="0">
  <testcase name="testInvlidLogin" time="49.229" classname="script.TestInvalidLogin"/>
  <testcase name="testInvlidLogin" time="34.879" classname="script.TestInvalidLogin"/>
</testsuite> <!-- script.TestInvalidLogin -->
