<?xml version="1.0" encoding="UTF-8"?>
<!-- Generated by org.testng.reporters.JUnitReportReporter -->
<testsuite skipped="0" hostname="LAPTOP-G3HTDHLD" name="script.TestInvalidLogin" tests="2" failures="0" timestamp="26 Mar 2018 19:02:02 GMT" time="55.386" errors="0">
  <testcase name="testInvlidLogin" time="22.161" classname="script.TestInvalidLogin"/>
  <testcase name="testInvlidLogin" time="33.225" classname="script.TestInvalidLogin"/>
</testsuite> <!-- script.TestInvalidLogin -->
