<?xml version="1.0" encoding="UTF-8"?>
<!-- Generated by org.testng.reporters.JUnitReportReporter -->
<testsuite skipped="0" hostname="LAPTOP-G3HTDHLD" name="script.TestValidLogin" tests="2" failures="0" timestamp="26 Mar 2018 19:02:02 GMT" time="58.837" errors="0">
  <testcase name="testValidlogin" time="16.094" classname="script.TestValidLogin"/>
  <testcase name="testValidlogin" time="42.743" classname="script.TestValidLogin"/>
</testsuite> <!-- script.TestValidLogin -->
