<?xml version="1.0" encoding="UTF-8"?>
<!-- Generated by org.testng.reporters.JUnitReportReporter -->
<testsuite skipped="0" hostname="LAPTOP-G3HTDHLD" name="script.TestValidLogin" tests="2" failures="0" timestamp="27 Mar 2018 08:44:50 GMT" time="49.083" errors="0">
  <testcase name="testValidlogin" time="15.707" classname="script.TestValidLogin"/>
  <testcase name="testValidlogin" time="33.376" classname="script.TestValidLogin"/>
</testsuite> <!-- script.TestValidLogin -->
