<?xml version="1.0" encoding="UTF-8"?>
<!-- Generated by org.testng.reporters.JUnitReportReporter -->
<testsuite skipped="0" hostname="LAPTOP-G3HTDHLD" name="script.TestInvalidLogin" tests="1" failures="0" timestamp="22 Mar 2018 10:51:28 GMT" time="23.838" errors="0">
  <testcase name="testInvlidLogin" time="23.838" classname="script.TestInvalidLogin"/>
</testsuite> <!-- script.TestInvalidLogin -->
