<?xml version="1.0" encoding="UTF-8"?>
<!-- Generated by org.testng.reporters.JUnitReportReporter -->
<testsuite skipped="0" hostname="LAPTOP-G3HTDHLD" name="script.TestValidLogin" tests="1" failures="0" timestamp="22 Mar 2018 10:51:28 GMT" time="26.733" errors="0">
  <testcase name="testValidlogin" time="26.733" classname="script.TestValidLogin"/>
</testsuite> <!-- script.TestValidLogin -->
