<?xml version="1.0" encoding="UTF-8"?>
<!-- Generated by org.testng.reporters.JUnitReportReporter -->
<testsuite skipped="0" hostname="LAPTOP-G3HTDHLD" name="script.TestInvalidLogin" tests="2" failures="0" timestamp="23 Mar 2018 06:39:58 GMT" time="62.152" errors="0">
  <testcase name="testInvlidLogin" time="30.372" classname="script.TestInvalidLogin"/>
  <testcase name="testInvlidLogin" time="31.780" classname="script.TestInvalidLogin"/>
</testsuite> <!-- script.TestInvalidLogin -->
