<?xml version="1.0" encoding="UTF-8"?>
<!-- Generated by org.testng.reporters.JUnitReportReporter -->
<testsuite skipped="0" hostname="LAPTOP-G3HTDHLD" name="script.TestInvalidLogin" tests="2" failures="0" timestamp="27 Mar 2018 08:44:50 GMT" time="61.765" errors="0">
  <testcase name="testInvlidLogin" time="25.108" classname="script.TestInvalidLogin"/>
  <testcase name="testInvlidLogin" time="36.657" classname="script.TestInvalidLogin"/>
</testsuite> <!-- script.TestInvalidLogin -->
