<?xml version="1.0" encoding="UTF-8"?>
<!-- Generated by org.testng.reporters.JUnitReportReporter -->
<testsuite skipped="0" hostname="LAPTOP-G3HTDHLD" name="script.TestValidLogin" tests="2" failures="0" timestamp="23 Mar 2018 06:39:58 GMT" time="37.859" errors="0">
  <testcase name="testValidlogin" time="19.656" classname="script.TestValidLogin"/>
  <testcase name="testValidlogin" time="18.203" classname="script.TestValidLogin"/>
</testsuite> <!-- script.TestValidLogin -->
